<?xml version="1.0" encoding="UTF-8"?>
<testng-results skipped="0" failed="0" ignored="0" total="1" passed="1">
  <reporter-output>
  </reporter-output>
  <suite name="Sample Test Suite" duration-ms="118" started-at="2017-05-28T07:33:18Z" finished-at="2017-05-28T07:33:18Z">
    <groups>
    </groups>
    <test name="Sample Test" duration-ms="118" started-at="2017-05-28T07:33:18Z" finished-at="2017-05-28T07:33:18Z">
      <class name="Package1.TestClass">
        <test-method status="PASS" signature="sample()[pri:0, instance:Package1.TestClass@4590c9c3]" name="sample" duration-ms="46" started-at="2017-05-28T13:03:18Z" finished-at="2017-05-28T13:03:18Z">
          <reporter-output>
          </reporter-output>
        </test-method> <!-- sample -->
      </class> <!-- Package1.TestClass -->
    </test> <!-- Sample Test -->
  </suite> <!-- Sample Test Suite -->
</testng-results>
